<?xml version="1.0" encoding="UTF-8"?>
<!-- Generated by org.testng.reporters.JUnitReportReporter -->
<testsuite hostname="DESKTOP-7756EQR" failures="0" tests="1" name="Testcases.LoginTest" time="2.676" errors="0" timestamp="2024-04-03T19:14:58 IST" skipped="0">
  <testcase classname="Testcases.LoginTest" name="loginAsBankManager" time="2.676"/>
  <system-out/>
</testsuite> <!-- Testcases.LoginTest -->
